<?xml version="1.0" encoding="UTF-8"?>
<!-- Generated by org.testng.reporters.JUnitReportReporter -->
<testsuite hostname="DESKTOP-J0H7CPF" failures="0" tests="2" name="runners.CucumberTestRunner" time="13.008" errors="0" timestamp="2025-09-08T07:35:35 IST" skipped="0">
  <testcase classname="runners.CucumberTestRunner" name="runScenario" time="6.673"/>
  <testcase classname="runners.CucumberTestRunner" name="runScenario" time="6.335"/>
</testsuite> <!-- runners.CucumberTestRunner -->
